[2022-08-22 14:26:39] merlin-logger.DEBUG: The welcome step has been displayed [] []
[2022-08-22 14:26:43] merlin-logger.DEBUG: The child theme installation step has been displayed [] []
[2022-08-22 14:26:46] merlin-logger.DEBUG: The existing child theme was activated [] []
[2022-08-22 14:26:51] merlin-logger.DEBUG: The license activation step has been displayed [] []
[2022-08-22 14:26:53] merlin-logger.DEBUG: The plugin installation step has been displayed [] []
[2022-08-22 14:26:56] merlin-logger.DEBUG: A plugin with the following data will be processed {"plugin_slug":"advanced-custom-fields-pro","message":"Installing"} []
[2022-08-22 14:27:05] merlin-logger.DEBUG: A plugin with the following data was processed {"plugin_slug":"advanced-custom-fields-pro"} []
[2022-08-22 14:27:05] merlin-logger.DEBUG: A plugin with the following data will be processed {"plugin_slug":"breek-functions","message":"Installing"} []
[2022-08-22 14:27:14] merlin-logger.DEBUG: A plugin with the following data was processed {"plugin_slug":"breek-functions"} []
[2022-08-22 14:27:15] merlin-logger.DEBUG: A plugin with the following data will be processed {"plugin_slug":"contact-form-7","message":"Installing"} []
[2022-08-22 14:27:23] merlin-logger.DEBUG: A plugin with the following data was processed {"plugin_slug":"contact-form-7"} []
[2022-08-22 14:27:28] merlin-logger.DEBUG: The content import step has been displayed [] []
[2022-08-22 14:27:34] merlin-logger.INFO: The content import AJAX call will be executed with this import data {"title":"Content","data":"C:\\laragon\\www\\wordpress/wp-content/themes/breek/functions/import/demo-content.xml"} []
[2022-08-22 14:27:35] merlin-logger.DEBUG: The Hello world post status was set to draft [] []
[2022-08-22 14:27:35] merlin-logger.INFO: Imported "Astronomy" (category) [] []
[2022-08-22 14:27:35] merlin-logger.DEBUG: Term 4 remapped to 2 [] []
[2022-08-22 14:27:35] merlin-logger.DEBUG: Meta for term_id 2 : bg_color => #4579f0 ; successfully added! [] []
[2022-08-22 14:27:35] merlin-logger.DEBUG: Meta for term_id 2 : _bg_color => epcl_post_categories_bg_color ; successfully added! [] []
[2022-08-22 14:27:35] merlin-logger.DEBUG: Meta for term_id 2 : text_color =>  ; successfully added! [] []
[2022-08-22 14:27:35] merlin-logger.DEBUG: Meta for term_id 2 : _text_color => epcl_post_categories_text_color ; successfully added! [] []
[2022-08-22 14:27:35] merlin-logger.DEBUG: Meta for term_id 2 : archives_image =>  ; successfully added! [] []
[2022-08-22 14:27:35] merlin-logger.DEBUG: Meta for term_id 2 : _archives_image => epcl_post_categories_archives_image ; successfully added! [] []
[2022-08-22 14:27:35] merlin-logger.INFO: Imported "Galaxy" (category) [] []
[2022-08-22 14:27:35] merlin-logger.DEBUG: Term 7 remapped to 3 [] []
[2022-08-22 14:27:35] merlin-logger.DEBUG: Meta for term_id 3 : bg_color =>  ; successfully added! [] []
[2022-08-22 14:27:35] merlin-logger.DEBUG: Meta for term_id 3 : _bg_color => epcl_post_categories_bg_color ; successfully added! [] []
[2022-08-22 14:27:35] merlin-logger.DEBUG: Meta for term_id 3 : text_color =>  ; successfully added! [] []
[2022-08-22 14:27:35] merlin-logger.DEBUG: Meta for term_id 3 : _text_color => epcl_post_categories_text_color ; successfully added! [] []
[2022-08-22 14:27:35] merlin-logger.DEBUG: Meta for term_id 3 : archives_image =>  ; successfully added! [] []
[2022-08-22 14:27:35] merlin-logger.DEBUG: Meta for term_id 3 : _archives_image => epcl_post_categories_archives_image ; successfully added! [] []
[2022-08-22 14:27:35] merlin-logger.INFO: Imported "Science" (category) [] []
[2022-08-22 14:27:35] merlin-logger.DEBUG: Term 12 remapped to 4 [] []
[2022-08-22 14:27:35] merlin-logger.DEBUG: Meta for term_id 4 : bg_color => #653ea8 ; successfully added! [] []
[2022-08-22 14:27:35] merlin-logger.DEBUG: Meta for term_id 4 : _bg_color => epcl_post_categories_bg_color ; successfully added! [] []
[2022-08-22 14:27:35] merlin-logger.DEBUG: Meta for term_id 4 : text_color =>  ; successfully added! [] []
[2022-08-22 14:27:35] merlin-logger.DEBUG: Meta for term_id 4 : _text_color => epcl_post_categories_text_color ; successfully added! [] []
[2022-08-22 14:27:35] merlin-logger.DEBUG: Meta for term_id 4 : archives_image =>  ; successfully added! [] []
[2022-08-22 14:27:35] merlin-logger.DEBUG: Meta for term_id 4 : _archives_image => epcl_post_categories_archives_image ; successfully added! [] []
[2022-08-22 14:27:35] merlin-logger.INFO: Imported "Solar System" (category) [] []
[2022-08-22 14:27:35] merlin-logger.DEBUG: Term 3 remapped to 5 [] []
[2022-08-22 14:27:35] merlin-logger.DEBUG: Meta for term_id 5 : bg_color => #ed586c ; successfully added! [] []
[2022-08-22 14:27:35] merlin-logger.DEBUG: Meta for term_id 5 : _bg_color => epcl_post_categories_bg_color ; successfully added! [] []
[2022-08-22 14:27:35] merlin-logger.DEBUG: Meta for term_id 5 : text_color =>  ; successfully added! [] []
[2022-08-22 14:27:35] merlin-logger.DEBUG: Meta for term_id 5 : _text_color => epcl_post_categories_text_color ; successfully added! [] []
[2022-08-22 14:27:35] merlin-logger.DEBUG: Meta for term_id 5 : archives_image =>  ; successfully added! [] []
[2022-08-22 14:27:35] merlin-logger.DEBUG: Meta for term_id 5 : _archives_image => epcl_post_categories_archives_image ; successfully added! [] []
[2022-08-22 14:27:35] merlin-logger.INFO: Imported "Space Travel" (category) [] []
[2022-08-22 14:27:35] merlin-logger.DEBUG: Term 6 remapped to 6 [] []
[2022-08-22 14:27:35] merlin-logger.DEBUG: Meta for term_id 6 : bg_color => #01e18a ; successfully added! [] []
[2022-08-22 14:27:35] merlin-logger.DEBUG: Meta for term_id 6 : _bg_color => epcl_post_categories_bg_color ; successfully added! [] []
[2022-08-22 14:27:35] merlin-logger.DEBUG: Meta for term_id 6 : text_color =>  ; successfully added! [] []
[2022-08-22 14:27:35] merlin-logger.DEBUG: Meta for term_id 6 : _text_color => epcl_post_categories_text_color ; successfully added! [] []
[2022-08-22 14:27:35] merlin-logger.DEBUG: Meta for term_id 6 : archives_image =>  ; successfully added! [] []
[2022-08-22 14:27:35] merlin-logger.DEBUG: Meta for term_id 6 : _archives_image => epcl_post_categories_archives_image ; successfully added! [] []
[2022-08-22 14:27:35] merlin-logger.INFO: Imported "Universe" (category) [] []
[2022-08-22 14:27:35] merlin-logger.DEBUG: Term 2 remapped to 7 [] []
[2022-08-22 14:27:36] merlin-logger.DEBUG: Meta for term_id 7 : bg_color => #c580e3 ; successfully added! [] []
[2022-08-22 14:27:36] merlin-logger.DEBUG: Meta for term_id 7 : _bg_color => epcl_post_categories_bg_color ; successfully added! [] []
[2022-08-22 14:27:36] merlin-logger.DEBUG: Meta for term_id 7 : text_color =>  ; successfully added! [] []
[2022-08-22 14:27:36] merlin-logger.DEBUG: Meta for term_id 7 : _text_color => epcl_post_categories_text_color ; successfully added! [] []
[2022-08-22 14:27:36] merlin-logger.DEBUG: Meta for term_id 7 : archives_image =>  ; successfully added! [] []
[2022-08-22 14:27:36] merlin-logger.DEBUG: Meta for term_id 7 : _archives_image => epcl_post_categories_archives_image ; successfully added! [] []
[2022-08-22 14:27:36] merlin-logger.INFO: Imported "Header" (nav_menu) [] []
[2022-08-22 14:27:36] merlin-logger.DEBUG: Term 5 remapped to 8 [] []
[2022-08-22 14:27:36] merlin-logger.INFO: Imported "Audio" (post_format) [] []
[2022-08-22 14:27:36] merlin-logger.DEBUG: Term 10 remapped to 9 [] []
[2022-08-22 14:27:36] merlin-logger.INFO: Imported "Gallery" (post_format) [] []
[2022-08-22 14:27:36] merlin-logger.DEBUG: Term 8 remapped to 10 [] []
[2022-08-22 14:27:36] merlin-logger.INFO: Imported "Video" (post_format) [] []
[2022-08-22 14:27:36] merlin-logger.DEBUG: Term 9 remapped to 11 [] []
[2022-08-22 14:27:39] merlin-logger.INFO: Imported "8048" (Media) [] []
[2022-08-22 14:27:39] merlin-logger.DEBUG: Post 9 remapped to 9 [] []
[2022-08-22 14:27:42] merlin-logger.INFO: Imported "282024-P60RDW-857" (Media) [] []
[2022-08-22 14:27:42] merlin-logger.DEBUG: Post 10 remapped to 10 [] []
[2022-08-22 14:27:44] merlin-logger.INFO: Imported "473345-PGN38C-938" (Media) [] []
[2022-08-22 14:27:44] merlin-logger.DEBUG: Post 11 remapped to 11 [] []
[2022-08-22 14:27:47] merlin-logger.INFO: Imported "480016-PGKTGR-852" (Media) [] []
[2022-08-22 14:27:47] merlin-logger.DEBUG: Post 12 remapped to 12 [] []
[2022-08-22 14:27:49] merlin-logger.INFO: Imported "2004612" (Media) [] []
[2022-08-22 14:27:49] merlin-logger.DEBUG: Post 13 remapped to 13 [] []
[2022-08-22 14:27:53] merlin-logger.INFO: Imported "423994-PDRVB5-888-fullhd" (Media) [] []
[2022-08-22 14:27:53] merlin-logger.DEBUG: Post 17 remapped to 17 [] []
[2022-08-22 14:27:53] merlin-logger.INFO: Imported "Logo" (Media) [] []
[2022-08-22 14:27:53] merlin-logger.DEBUG: Post 32 remapped to 32 [] []
[2022-08-22 14:28:01] merlin-logger.INFO: Imported "483797-PGTKAX-720" (Media) [] []
[2022-08-22 14:28:01] merlin-logger.DEBUG: Post 56 remapped to 56 [] []
[2022-08-22 14:28:01] merlin-logger.INFO: New AJAX call! [] []
[2022-08-22 14:28:01] merlin-logger.INFO: The content import AJAX call will be executed with this import data {"title":"Content","data":"C:\\laragon\\www\\wordpress/wp-content/themes/breek/functions/import/demo-content.xml"} []
[2022-08-22 14:28:01] merlin-logger.DEBUG: The Hello world post status was set to draft [] []
[2022-08-22 14:28:02] merlin-logger.INFO: Imported "avatar-op" (Media) [] []
[2022-08-22 14:28:02] merlin-logger.DEBUG: Post 89 remapped to 89 [] []
[2022-08-22 14:28:04] merlin-logger.INFO: Imported "1957057-2" (Media) [] []
[2022-08-22 14:28:04] merlin-logger.DEBUG: Post 91 remapped to 91 [] []
[2022-08-22 14:28:08] merlin-logger.INFO: Imported "482596-PGZQY0-417-v2" (Media) [] []
[2022-08-22 14:28:08] merlin-logger.DEBUG: Post 96 remapped to 96 [] []
[2022-08-22 14:28:09] merlin-logger.INFO: Imported "custom-banner (1)" (Media) [] []
[2022-08-22 14:28:09] merlin-logger.DEBUG: Post 106 remapped to 106 [] []
[2022-08-22 14:28:11] merlin-logger.INFO: Imported "9294-op" (Media) [] []
[2022-08-22 14:28:11] merlin-logger.DEBUG: Post 115 remapped to 115 [] []
[2022-08-22 14:28:14] merlin-logger.INFO: Imported "BACKGROUND 02" (Media) [] []
[2022-08-22 14:28:14] merlin-logger.DEBUG: Post 126 remapped to 126 [] []
[2022-08-22 14:28:14] merlin-logger.INFO: Imported "Banner-970" (Media) [] []
[2022-08-22 14:28:14] merlin-logger.DEBUG: Post 197 remapped to 197 [] []
[2022-08-22 14:28:15] merlin-logger.INFO: Imported "Banner Header" (Media) [] []
[2022-08-22 14:28:15] merlin-logger.DEBUG: Post 203 remapped to 203 [] []
[2022-08-22 14:28:16] merlin-logger.INFO: Imported "480016-PGKTGR-852-op" (Media) [] []
[2022-08-22 14:28:16] merlin-logger.DEBUG: Post 222 remapped to 222 [] []
[2022-08-22 14:28:17] merlin-logger.INFO: Imported "avatar" (Media) [] []
[2022-08-22 14:28:17] merlin-logger.DEBUG: Post 226 remapped to 226 [] []
[2022-08-22 14:28:18] merlin-logger.INFO: Imported "2004612-op" (Media) [] []
[2022-08-22 14:28:18] merlin-logger.DEBUG: Post 228 remapped to 228 [] []
[2022-08-22 14:28:18] merlin-logger.INFO: Imported "avatar-2" (Media) [] []
[2022-08-22 14:28:18] merlin-logger.DEBUG: Post 232 remapped to 232 [] []
[2022-08-22 14:28:18] merlin-logger.INFO: Imported "Home" (Navigation Menu Item) [] []
[2022-08-22 14:28:18] merlin-logger.DEBUG: Post 29 remapped to 29 [] []
[2022-08-22 14:28:18] merlin-logger.DEBUG: Processing menu item custom [] []
[2022-08-22 14:28:18] merlin-logger.DEBUG: Menu item 29 mapped to 29 [] []
[2022-08-22 14:28:18] merlin-logger.INFO: Imported "Style Guide" (Navigation Menu Item) [] []
[2022-08-22 14:28:18] merlin-logger.DEBUG: Post 30 remapped to 30 [] []
[2022-08-22 14:28:18] merlin-logger.DEBUG: Processing menu item post_type [] []
[2022-08-22 14:28:18] merlin-logger.INFO: Imported "" (Navigation Menu Item) [] []
[2022-08-22 14:28:18] merlin-logger.DEBUG: Post 59 remapped to 59 [] []
[2022-08-22 14:28:18] merlin-logger.DEBUG: Processing menu item post_type [] []
[2022-08-22 14:28:18] merlin-logger.INFO: Imported "" (Navigation Menu Item) [] []
[2022-08-22 14:28:18] merlin-logger.DEBUG: Post 60 remapped to 60 [] []
[2022-08-22 14:28:19] merlin-logger.DEBUG: Processing menu item post_type [] []
[2022-08-22 14:28:19] merlin-logger.INFO: Imported "" (Navigation Menu Item) [] []
[2022-08-22 14:28:19] merlin-logger.DEBUG: Post 61 remapped to 61 [] []
[2022-08-22 14:28:19] merlin-logger.DEBUG: Processing menu item post_type [] []
[2022-08-22 14:28:19] merlin-logger.INFO: Imported "" (Navigation Menu Item) [] []
[2022-08-22 14:28:19] merlin-logger.DEBUG: Post 62 remapped to 62 [] []
[2022-08-22 14:28:19] merlin-logger.DEBUG: Processing menu item post_type [] []
[2022-08-22 14:28:19] merlin-logger.INFO: Imported "Fullwidth image" (Navigation Menu Item) [] []
[2022-08-22 14:28:19] merlin-logger.DEBUG: Post 63 remapped to 63 [] []
[2022-08-22 14:28:19] merlin-logger.DEBUG: Processing menu item post_type [] []
[2022-08-22 14:28:19] merlin-logger.INFO: Imported "Classic image" (Navigation Menu Item) [] []
[2022-08-22 14:28:19] merlin-logger.DEBUG: Post 64 remapped to 64 [] []
[2022-08-22 14:28:19] merlin-logger.DEBUG: Processing menu item post_type [] []
[2022-08-22 14:28:19] merlin-logger.INFO: Imported "Post Features" (Navigation Menu Item) [] []
[2022-08-22 14:28:19] merlin-logger.DEBUG: Post 65 remapped to 65 [] []
[2022-08-22 14:28:19] merlin-logger.DEBUG: Processing menu item custom [] []
[2022-08-22 14:28:19] merlin-logger.DEBUG: Menu item 65 mapped to 65 [] []
[2022-08-22 14:28:19] merlin-logger.INFO: Imported "" (Navigation Menu Item) [] []
[2022-08-22 14:28:19] merlin-logger.DEBUG: Post 68 remapped to 68 [] []
[2022-08-22 14:28:19] merlin-logger.DEBUG: Processing menu item post_type [] []
[2022-08-22 14:28:19] merlin-logger.INFO: Imported "Post Pagination" (Navigation Menu Item) [] []
[2022-08-22 14:28:19] merlin-logger.DEBUG: Post 111 remapped to 111 [] []
[2022-08-22 14:28:19] merlin-logger.DEBUG: Processing menu item post_type [] []
[2022-08-22 14:28:19] merlin-logger.INFO: Imported "Classic with no Sidebar" (Navigation Menu Item) [] []
[2022-08-22 14:28:19] merlin-logger.DEBUG: Post 122 remapped to 122 [] []
[2022-08-22 14:28:19] merlin-logger.DEBUG: Processing menu item post_type [] []
[2022-08-22 14:28:19] merlin-logger.INFO: Imported "Fullwidth with no sidebar" (Navigation Menu Item) [] []
[2022-08-22 14:28:19] merlin-logger.DEBUG: Post 143 remapped to 143 [] []
[2022-08-22 14:28:19] merlin-logger.DEBUG: Processing menu item post_type [] []
[2022-08-22 14:28:19] merlin-logger.INFO: Imported "Gallery Post Format" (Navigation Menu Item) [] []
[2022-08-22 14:28:19] merlin-logger.DEBUG: Post 155 remapped to 155 [] []
[2022-08-22 14:28:19] merlin-logger.DEBUG: Processing menu item post_type [] []
[2022-08-22 14:28:19] merlin-logger.INFO: Imported "Post Formats" (Navigation Menu Item) [] []
[2022-08-22 14:28:19] merlin-logger.DEBUG: Post 156 remapped to 156 [] []
[2022-08-22 14:28:19] merlin-logger.DEBUG: Processing menu item custom [] []
[2022-08-22 14:28:19] merlin-logger.DEBUG: Menu item 156 mapped to 156 [] []
[2022-08-22 14:28:19] merlin-logger.INFO: Imported "avatar-op2" (Media) [] []
[2022-08-22 14:28:19] merlin-logger.DEBUG: Post 233 remapped to 233 [] []
[2022-08-22 14:28:20] merlin-logger.INFO: Imported "Banner Grid" (Media) [] []
[2022-08-22 14:28:20] merlin-logger.DEBUG: Post 241 remapped to 241 [] []
[2022-08-22 14:28:21] merlin-logger.INFO: Imported "423994-PDRVB5-888-op" (Media) [] []
[2022-08-22 14:28:21] merlin-logger.DEBUG: Post 243 remapped to 243 [] []
[2022-08-22 14:28:22] merlin-logger.INFO: Imported "8048-op" (Media) [] []
[2022-08-22 14:28:22] merlin-logger.DEBUG: Post 246 remapped to 246 [] []
[2022-08-22 14:28:22] merlin-logger.INFO: New AJAX call! [] []
[2022-08-22 14:28:22] merlin-logger.INFO: The content import AJAX call will be executed with this import data {"title":"Content","data":"C:\\laragon\\www\\wordpress/wp-content/themes/breek/functions/import/demo-content.xml"} []
[2022-08-22 14:28:22] merlin-logger.DEBUG: The Hello world post status was set to draft [] []
[2022-08-22 14:28:23] merlin-logger.INFO: Imported "Logo@2x" (Media) [] []
[2022-08-22 14:28:23] merlin-logger.DEBUG: Post 256 remapped to 256 [] []
[2022-08-22 14:28:23] merlin-logger.INFO: Imported "Privacy Policy" (Page) [] []
[2022-08-22 14:28:23] merlin-logger.DEBUG: Post 3 remapped to 257 [] []
[2022-08-22 14:28:23] merlin-logger.INFO: Imported "Features" (Page) [] []
[2022-08-22 14:28:23] merlin-logger.DEBUG: Post 5 remapped to 258 [] []
[2022-08-22 14:28:23] merlin-logger.INFO: Imported "Standard Post Format" (Navigation Menu Item) [] []
[2022-08-22 14:28:23] merlin-logger.DEBUG: Post 157 remapped to 157 [] []
[2022-08-22 14:28:23] merlin-logger.DEBUG: Processing menu item post_type [] []
[2022-08-22 14:28:23] merlin-logger.INFO: Imported "Video Post Format" (Navigation Menu Item) [] []
[2022-08-22 14:28:23] merlin-logger.DEBUG: Post 163 remapped to 163 [] []
[2022-08-22 14:28:23] merlin-logger.DEBUG: Processing menu item post_type [] []
[2022-08-22 14:28:23] merlin-logger.INFO: Imported "Audio Post Format" (Navigation Menu Item) [] []
[2022-08-22 14:28:23] merlin-logger.DEBUG: Post 167 remapped to 167 [] []
[2022-08-22 14:28:23] merlin-logger.DEBUG: Processing menu item post_type [] []
[2022-08-22 14:28:23] merlin-logger.INFO: Imported "" (Navigation Menu Item) [] []
[2022-08-22 14:28:23] merlin-logger.DEBUG: Post 184 remapped to 184 [] []
[2022-08-22 14:28:23] merlin-logger.DEBUG: Processing menu item post_type [] []
[2022-08-22 14:28:23] merlin-logger.INFO: Imported "" (Navigation Menu Item) [] []
[2022-08-22 14:28:23] merlin-logger.DEBUG: Post 185 remapped to 185 [] []
[2022-08-22 14:28:23] merlin-logger.DEBUG: Processing menu item post_type [] []
[2022-08-22 14:28:23] merlin-logger.INFO: Imported "" (Navigation Menu Item) [] []
[2022-08-22 14:28:23] merlin-logger.DEBUG: Post 186 remapped to 186 [] []
[2022-08-22 14:28:23] merlin-logger.DEBUG: Processing menu item post_type [] []
[2022-08-22 14:28:23] merlin-logger.INFO: Imported "" (Navigation Menu Item) [] []
[2022-08-22 14:28:23] merlin-logger.DEBUG: Post 187 remapped to 187 [] []
[2022-08-22 14:28:23] merlin-logger.DEBUG: Processing menu item post_type [] []
[2022-08-22 14:28:23] merlin-logger.INFO: Imported "Features" (Navigation Menu Item) [] []
[2022-08-22 14:28:23] merlin-logger.DEBUG: Post 188 remapped to 188 [] []
[2022-08-22 14:28:23] merlin-logger.DEBUG: Processing menu item custom [] []
[2022-08-22 14:28:23] merlin-logger.DEBUG: Menu item 188 mapped to 188 [] []
[2022-08-22 14:28:23] merlin-logger.INFO: Imported "404 Page" (Navigation Menu Item) [] []
[2022-08-22 14:28:23] merlin-logger.DEBUG: Post 189 remapped to 189 [] []
[2022-08-22 14:28:23] merlin-logger.DEBUG: Processing menu item custom [] []
[2022-08-22 14:28:23] merlin-logger.DEBUG: Menu item 189 mapped to 189 [] []
[2022-08-22 14:28:23] merlin-logger.INFO: Imported "Classic Style" (Navigation Menu Item) [] []
[2022-08-22 14:28:23] merlin-logger.DEBUG: Post 190 remapped to 190 [] []
[2022-08-22 14:28:23] merlin-logger.DEBUG: Processing menu item custom [] []
[2022-08-22 14:28:23] merlin-logger.DEBUG: Menu item 190 mapped to 190 [] []
[2022-08-22 14:28:23] merlin-logger.INFO: Imported "Header Styles" (Navigation Menu Item) [] []
[2022-08-22 14:28:23] merlin-logger.DEBUG: Post 191 remapped to 191 [] []
[2022-08-22 14:28:23] merlin-logger.DEBUG: Processing menu item custom [] []
[2022-08-22 14:28:23] merlin-logger.DEBUG: Menu item 191 mapped to 191 [] []
[2022-08-22 14:28:23] merlin-logger.INFO: Imported "Notice on Top" (Navigation Menu Item) [] []
[2022-08-22 14:28:23] merlin-logger.DEBUG: Post 192 remapped to 192 [] []
[2022-08-22 14:28:23] merlin-logger.DEBUG: Processing menu item custom [] []
[2022-08-22 14:28:23] merlin-logger.DEBUG: Menu item 192 mapped to 192 [] []
[2022-08-22 14:28:23] merlin-logger.INFO: Imported "Advertising Area" (Navigation Menu Item) [] []
[2022-08-22 14:28:23] merlin-logger.DEBUG: Post 193 remapped to 193 [] []
[2022-08-22 14:28:23] merlin-logger.DEBUG: Processing menu item custom [] []
[2022-08-22 14:28:23] merlin-logger.DEBUG: Menu item 193 mapped to 193 [] []
[2022-08-22 14:28:23] merlin-logger.INFO: Imported "Minimalist Style" (Navigation Menu Item) [] []
[2022-08-22 14:28:23] merlin-logger.DEBUG: Post 194 remapped to 194 [] []
[2022-08-22 14:28:25] merlin-logger.DEBUG: Processing menu item custom [] []
[2022-08-22 14:28:25] merlin-logger.DEBUG: Menu item 194 mapped to 194 [] []
[2022-08-22 14:28:25] merlin-logger.INFO: Imported "Advertise between posts" (Navigation Menu Item) [] []
[2022-08-22 14:28:25] merlin-logger.DEBUG: Post 195 remapped to 195 [] []
[2022-08-22 14:28:27] merlin-logger.DEBUG: Processing menu item custom [] []
[2022-08-22 14:28:27] merlin-logger.DEBUG: Menu item 195 mapped to 195 [] []
[2022-08-22 14:28:27] merlin-logger.INFO: Imported "" (Navigation Menu Item) [] []
[2022-08-22 14:28:27] merlin-logger.DEBUG: Post 201 remapped to 201 [] []
[2022-08-22 14:28:29] merlin-logger.DEBUG: Processing menu item post_type [] []
[2022-08-22 14:28:29] merlin-logger.INFO: Imported "" (Navigation Menu Item) [] []
[2022-08-22 14:28:29] merlin-logger.DEBUG: Post 207 remapped to 207 [] []
[2022-08-22 14:28:29] merlin-logger.DEBUG: Processing menu item post_type [] []
[2022-08-22 14:28:29] merlin-logger.INFO: Imported "#Tag" (Navigation Menu Item) [] []
[2022-08-22 14:28:29] merlin-logger.DEBUG: Post 216 remapped to 216 [] []
[2022-08-22 14:28:29] merlin-logger.DEBUG: Processing menu item taxonomy [] []
[2022-08-22 14:28:29] merlin-logger.DEBUG: Menu item 3 mapped to 5 [] []
[2022-08-22 14:28:29] merlin-logger.INFO: Imported "On Icy Pluto, Volcanoes May Spout Liquid Water" (Post) [] []
[2022-08-22 14:28:29] merlin-logger.DEBUG: Post 37 remapped to 37 [] []
[2022-08-22 14:28:29] merlin-logger.INFO: Imported "Home Classic Posts" (Page) [] []
[2022-08-22 14:28:29] merlin-logger.DEBUG: Post 40 remapped to 40 [] []
[2022-08-22 14:28:29] merlin-logger.INFO: Imported "Home Grid with Sidebar" (Page) [] []
[2022-08-22 14:28:29] merlin-logger.DEBUG: Post 43 remapped to 43 [] []
[2022-08-22 14:28:29] merlin-logger.INFO: Imported "Home 4 columns" (Page) [] []
[2022-08-22 14:28:29] merlin-logger.DEBUG: Post 46 remapped to 46 [] []
[2022-08-22 14:28:29] merlin-logger.INFO: Imported "Home Carousel" (Page) [] []
[2022-08-22 14:28:29] merlin-logger.DEBUG: Post 49 remapped to 49 [] []
[2022-08-22 14:28:29] merlin-logger.INFO: Imported "Scientists found water on Mars surface" (Post) [] []
[2022-08-22 14:28:29] merlin-logger.DEBUG: Post 55 remapped to 55 [] []
[2022-08-22 14:28:29] merlin-logger.INFO: Imported "Contact" (Page) [] []
[2022-08-22 14:28:29] merlin-logger.DEBUG: Post 66 remapped to 66 [] []
[2022-08-22 14:28:29] merlin-logger.INFO: Imported "What moon craters can tell us about Earth" (Post) [] []
[2022-08-22 14:28:29] merlin-logger.DEBUG: Post 71 remapped to 71 [] []
[2022-08-22 14:28:29] merlin-logger.INFO: Imported "Milky Way Galaxy" (Post) [] []
[2022-08-22 14:28:29] merlin-logger.DEBUG: Post 90 remapped to 90 [] []
[2022-08-22 14:28:29] merlin-logger.INFO: Imported "How we choose to use the Moon" (Post) [] []
[2022-08-22 14:28:29] merlin-logger.DEBUG: Post 113 remapped to 113 [] []
[2022-08-22 14:28:29] merlin-logger.INFO: Imported "Bringing samples back is a considerable challenge" (Post) [] []
[2022-08-22 14:28:29] merlin-logger.DEBUG: Post 140 remapped to 140 [] []
[2022-08-22 14:28:29] merlin-logger.INFO: Imported "What Are Skyrmions?" (Post) [] []
[2022-08-22 14:28:29] merlin-logger.DEBUG: Post 147 remapped to 147 [] []
[2022-08-22 14:28:29] merlin-logger.INFO: Imported "The Apollo 11 Mission" (Post) [] []
[2022-08-22 14:28:29] merlin-logger.DEBUG: Post 164 remapped to 164 [] []
[2022-08-22 14:28:30] merlin-logger.INFO: Imported "Buttons" (Page) [] []
[2022-08-22 14:28:30] merlin-logger.DEBUG: Post 171 remapped to 171 [] []
[2022-08-22 14:28:30] merlin-logger.INFO: Imported "Columns" (Page) [] []
[2022-08-22 14:28:30] merlin-logger.DEBUG: Post 173 remapped to 173 [] []
[2022-08-22 14:28:30] merlin-logger.INFO: Imported "Alert Messages" (Page) [] []
[2022-08-22 14:28:30] merlin-logger.DEBUG: Post 176 remapped to 176 [] []
[2022-08-22 14:28:30] merlin-logger.INFO: Imported "Accordions and Tabs" (Page) [] []
[2022-08-22 14:28:30] merlin-logger.DEBUG: Post 181 remapped to 181 [] []
[2022-08-22 14:28:30] merlin-logger.INFO: Imported "Home Advertising Area" (Page) [] []
[2022-08-22 14:28:30] merlin-logger.DEBUG: Post 196 remapped to 196 [] []
[2022-08-22 14:28:30] merlin-logger.INFO: Imported "Home Masonry" (Page) [] []
[2022-08-22 14:28:30] merlin-logger.DEBUG: Post 204 remapped to 204 [] []
[2022-08-22 14:28:30] merlin-logger.INFO: Imported "Home Grid Style" (Page) [] []
[2022-08-22 14:28:30] merlin-logger.DEBUG: Post 217 remapped to 217 [] []
[2022-08-22 14:28:30] merlin-logger.INFO: Imported "Mars is the fourth planet from the Sun" (Post) [] []
[2022-08-22 14:28:30] merlin-logger.DEBUG: Post 8 remapped to 8 [] []
[2022-08-22 14:28:30] merlin-logger.INFO: Imported "The spectacle before us was indeed sublime" (Post) [] []
[2022-08-22 14:28:30] merlin-logger.DEBUG: Post 15 remapped to 15 [] []
[2022-08-22 14:28:30] merlin-logger.INFO: Imported "Contact form 1" (Contact Form) [] []
[2022-08-22 14:28:30] merlin-logger.DEBUG: Post 19 remapped to 19 [] []
[2022-08-22 14:28:30] merlin-logger.INFO: Imported "A meteor shower was observed during last night" (Post) [] []
[2022-08-22 14:28:30] merlin-logger.DEBUG: Post 21 remapped to 21 [] []
[2022-08-22 14:28:30] merlin-logger.DEBUG: Running post-processing for post 9 [] []
[2022-08-22 14:28:30] merlin-logger.WARNING: Could not find the author for "8048" (post #9) [] []
[2022-08-22 14:28:30] merlin-logger.DEBUG: Post 9 was imported with author "augustme", but could not be found [] []
[2022-08-22 14:28:30] merlin-logger.DEBUG: Running post-processing for post 10 [] []
[2022-08-22 14:28:30] merlin-logger.WARNING: Could not find the author for "282024-P60RDW-857" (post #10) [] []
[2022-08-22 14:28:30] merlin-logger.DEBUG: Post 10 was imported with author "augustme", but could not be found [] []
[2022-08-22 14:28:30] merlin-logger.DEBUG: Running post-processing for post 11 [] []
[2022-08-22 14:28:30] merlin-logger.WARNING: Could not find the author for "473345-PGN38C-938" (post #11) [] []
[2022-08-22 14:28:30] merlin-logger.DEBUG: Post 11 was imported with author "augustme", but could not be found [] []
[2022-08-22 14:28:30] merlin-logger.DEBUG: Running post-processing for post 12 [] []
[2022-08-22 14:28:30] merlin-logger.WARNING: Could not find the author for "480016-PGKTGR-852" (post #12) [] []
[2022-08-22 14:28:30] merlin-logger.DEBUG: Post 12 was imported with author "augustme", but could not be found [] []
[2022-08-22 14:28:30] merlin-logger.DEBUG: Running post-processing for post 13 [] []
[2022-08-22 14:28:30] merlin-logger.WARNING: Could not find the author for "2004612" (post #13) [] []
[2022-08-22 14:28:30] merlin-logger.DEBUG: Post 13 was imported with author "augustme", but could not be found [] []
[2022-08-22 14:28:30] merlin-logger.DEBUG: Running post-processing for post 17 [] []
[2022-08-22 14:28:30] merlin-logger.WARNING: Could not find the author for "423994-PDRVB5-888-fullhd" (post #17) [] []
[2022-08-22 14:28:30] merlin-logger.DEBUG: Post 17 was imported with author "augustme", but could not be found [] []
[2022-08-22 14:28:30] merlin-logger.DEBUG: Running post-processing for post 32 [] []
[2022-08-22 14:28:30] merlin-logger.WARNING: Could not find the author for "Logo" (post #32) [] []
[2022-08-22 14:28:30] merlin-logger.DEBUG: Post 32 was imported with author "augustme", but could not be found [] []
[2022-08-22 14:28:30] merlin-logger.DEBUG: Post 32 was marked for post-processing, but none was required. [] []
[2022-08-22 14:28:30] merlin-logger.DEBUG: Running post-processing for post 56 [] []
[2022-08-22 14:28:30] merlin-logger.WARNING: Could not find the author for "483797-PGTKAX-720" (post #56) [] []
[2022-08-22 14:28:30] merlin-logger.DEBUG: Post 56 was imported with author "augustme", but could not be found [] []
[2022-08-22 14:28:30] merlin-logger.DEBUG: Running post-processing for post 89 [] []
[2022-08-22 14:28:30] merlin-logger.WARNING: Could not find the author for "avatar-op" (post #89) [] []
[2022-08-22 14:28:30] merlin-logger.DEBUG: Post 89 was imported with author "augustme", but could not be found [] []
[2022-08-22 14:28:30] merlin-logger.DEBUG: Post 89 was marked for post-processing, but none was required. [] []
[2022-08-22 14:28:30] merlin-logger.DEBUG: Running post-processing for post 91 [] []
[2022-08-22 14:28:30] merlin-logger.WARNING: Could not find the author for "1957057-2" (post #91) [] []
[2022-08-22 14:28:30] merlin-logger.DEBUG: Post 91 was imported with author "augustme", but could not be found [] []
[2022-08-22 14:28:30] merlin-logger.DEBUG: Running post-processing for post 96 [] []
[2022-08-22 14:28:30] merlin-logger.WARNING: Could not find the author for "482596-PGZQY0-417-v2" (post #96) [] []
[2022-08-22 14:28:30] merlin-logger.DEBUG: Post 96 was imported with author "augustme", but could not be found [] []
[2022-08-22 14:28:30] merlin-logger.DEBUG: Running post-processing for post 106 [] []
[2022-08-22 14:28:30] merlin-logger.WARNING: Could not find the author for "custom-banner (1)" (post #106) [] []
[2022-08-22 14:28:30] merlin-logger.DEBUG: Post 106 was imported with author "augustme", but could not be found [] []
[2022-08-22 14:28:30] merlin-logger.DEBUG: Post 106 was marked for post-processing, but none was required. [] []
[2022-08-22 14:28:30] merlin-logger.DEBUG: Running post-processing for post 115 [] []
[2022-08-22 14:28:30] merlin-logger.WARNING: Could not find the author for "9294-op" (post #115) [] []
[2022-08-22 14:28:30] merlin-logger.DEBUG: Post 115 was imported with author "augustme", but could not be found [] []
[2022-08-22 14:28:30] merlin-logger.DEBUG: Running post-processing for post 126 [] []
[2022-08-22 14:28:30] merlin-logger.WARNING: Could not find the author for "BACKGROUND 02" (post #126) [] []
[2022-08-22 14:28:30] merlin-logger.DEBUG: Post 126 was imported with author "augustme", but could not be found [] []
[2022-08-22 14:28:30] merlin-logger.DEBUG: Post 126 was marked for post-processing, but none was required. [] []
[2022-08-22 14:28:30] merlin-logger.DEBUG: Running post-processing for post 197 [] []
[2022-08-22 14:28:30] merlin-logger.WARNING: Could not find the author for "Banner-970" (post #197) [] []
[2022-08-22 14:28:30] merlin-logger.DEBUG: Post 197 was imported with author "augustme", but could not be found [] []
[2022-08-22 14:28:30] merlin-logger.DEBUG: Running post-processing for post 203 [] []
[2022-08-22 14:28:30] merlin-logger.WARNING: Could not find the author for "Banner Header" (post #203) [] []
[2022-08-22 14:28:30] merlin-logger.DEBUG: Post 203 was imported with author "augustme", but could not be found [] []
[2022-08-22 14:28:30] merlin-logger.DEBUG: Post 203 was marked for post-processing, but none was required. [] []
[2022-08-22 14:28:30] merlin-logger.DEBUG: Running post-processing for post 222 [] []
[2022-08-22 14:28:30] merlin-logger.WARNING: Could not find the author for "480016-PGKTGR-852-op" (post #222) [] []
[2022-08-22 14:28:30] merlin-logger.DEBUG: Post 222 was imported with author "augustme", but could not be found [] []
[2022-08-22 14:28:30] merlin-logger.DEBUG: Running post-processing for post 226 [] []
[2022-08-22 14:28:30] merlin-logger.WARNING: Could not find the author for "avatar" (post #226) [] []
[2022-08-22 14:28:30] merlin-logger.DEBUG: Post 226 was imported with author "augustme", but could not be found [] []
[2022-08-22 14:28:30] merlin-logger.DEBUG: Post 226 was marked for post-processing, but none was required. [] []
[2022-08-22 14:28:30] merlin-logger.DEBUG: Running post-processing for post 228 [] []
[2022-08-22 14:28:30] merlin-logger.WARNING: Could not find the author for "2004612-op" (post #228) [] []
[2022-08-22 14:28:30] merlin-logger.DEBUG: Post 228 was imported with author "augustme", but could not be found [] []
[2022-08-22 14:28:30] merlin-logger.DEBUG: Running post-processing for post 232 [] []
[2022-08-22 14:28:30] merlin-logger.WARNING: Could not find the author for "avatar-2" (post #232) [] []
[2022-08-22 14:28:30] merlin-logger.DEBUG: Post 232 was imported with author "augustme", but could not be found [] []
[2022-08-22 14:28:30] merlin-logger.DEBUG: Post 232 was marked for post-processing, but none was required. [] []
[2022-08-22 14:28:30] merlin-logger.DEBUG: Running post-processing for post 29 [] []
[2022-08-22 14:28:30] merlin-logger.WARNING: Could not find the author for "Home" (post #29) [] []
[2022-08-22 14:28:30] merlin-logger.DEBUG: Post 29 was imported with author "augustme", but could not be found [] []
[2022-08-22 14:28:30] merlin-logger.DEBUG: Post 29 was marked for post-processing, but none was required. [] []
[2022-08-22 14:28:30] merlin-logger.DEBUG: Running post-processing for post 30 [] []
[2022-08-22 14:28:30] merlin-logger.WARNING: Could not find the author for "Style Guide" (post #30) [] []
[2022-08-22 14:28:30] merlin-logger.DEBUG: Post 30 was imported with author "augustme", but could not be found [] []
[2022-08-22 14:28:30] merlin-logger.DEBUG: Post 30 was marked for post-processing, but none was required. [] []
[2022-08-22 14:28:30] merlin-logger.DEBUG: Running post-processing for post 59 [] []
[2022-08-22 14:28:30] merlin-logger.WARNING: Could not find the author for "" (post #59) [] []
[2022-08-22 14:28:30] merlin-logger.DEBUG: Post 59 was imported with author "augustme", but could not be found [] []
[2022-08-22 14:28:30] merlin-logger.DEBUG: Post 59 was marked for post-processing, but none was required. [] []
[2022-08-22 14:28:30] merlin-logger.DEBUG: Running post-processing for post 60 [] []
[2022-08-22 14:28:30] merlin-logger.WARNING: Could not find the author for "" (post #60) [] []
[2022-08-22 14:28:30] merlin-logger.DEBUG: Post 60 was imported with author "augustme", but could not be found [] []
[2022-08-22 14:28:30] merlin-logger.DEBUG: Post 60 was marked for post-processing, but none was required. [] []
[2022-08-22 14:28:30] merlin-logger.DEBUG: Running post-processing for post 61 [] []
[2022-08-22 14:28:30] merlin-logger.WARNING: Could not find the author for "" (post #61) [] []
[2022-08-22 14:28:30] merlin-logger.DEBUG: Post 61 was imported with author "augustme", but could not be found [] []
[2022-08-22 14:28:30] merlin-logger.DEBUG: Post 61 was marked for post-processing, but none was required. [] []
[2022-08-22 14:28:30] merlin-logger.DEBUG: Running post-processing for post 62 [] []
[2022-08-22 14:28:30] merlin-logger.WARNING: Could not find the author for "" (post #62) [] []
[2022-08-22 14:28:30] merlin-logger.DEBUG: Post 62 was imported with author "augustme", but could not be found [] []
[2022-08-22 14:28:30] merlin-logger.DEBUG: Post 62 was marked for post-processing, but none was required. [] []
[2022-08-22 14:28:30] merlin-logger.DEBUG: Running post-processing for post 63 [] []
[2022-08-22 14:28:30] merlin-logger.WARNING: Could not find the author for "Fullwidth image" (post #63) [] []
[2022-08-22 14:28:30] merlin-logger.DEBUG: Post 63 was imported with author "augustme", but could not be found [] []
[2022-08-22 14:28:30] merlin-logger.DEBUG: Post 63 was marked for post-processing, but none was required. [] []
[2022-08-22 14:28:30] merlin-logger.DEBUG: Running post-processing for post 64 [] []
[2022-08-22 14:28:30] merlin-logger.WARNING: Could not find the author for "Classic image" (post #64) [] []
[2022-08-22 14:28:30] merlin-logger.DEBUG: Post 64 was imported with author "augustme", but could not be found [] []
[2022-08-22 14:28:30] merlin-logger.DEBUG: Post 64 was marked for post-processing, but none was required. [] []
[2022-08-22 14:28:30] merlin-logger.DEBUG: Running post-processing for post 65 [] []
[2022-08-22 14:28:30] merlin-logger.WARNING: Could not find the author for "Post Features" (post #65) [] []
[2022-08-22 14:28:30] merlin-logger.DEBUG: Post 65 was imported with author "augustme", but could not be found [] []
[2022-08-22 14:28:30] merlin-logger.DEBUG: Post 65 was marked for post-processing, but none was required. [] []
[2022-08-22 14:28:30] merlin-logger.DEBUG: Running post-processing for post 68 [] []
[2022-08-22 14:28:30] merlin-logger.WARNING: Could not find the author for "" (post #68) [] []
[2022-08-22 14:28:30] merlin-logger.DEBUG: Post 68 was imported with author "augustme", but could not be found [] []
[2022-08-22 14:28:30] merlin-logger.DEBUG: Post 68 was marked for post-processing, but none was required. [] []
[2022-08-22 14:28:30] merlin-logger.DEBUG: Running post-processing for post 111 [] []
[2022-08-22 14:28:30] merlin-logger.WARNING: Could not find the author for "Post Pagination" (post #111) [] []
[2022-08-22 14:28:30] merlin-logger.DEBUG: Post 111 was imported with author "augustme", but could not be found [] []
[2022-08-22 14:28:30] merlin-logger.DEBUG: Post 111 was marked for post-processing, but none was required. [] []
[2022-08-22 14:28:30] merlin-logger.DEBUG: Running post-processing for post 122 [] []
[2022-08-22 14:28:30] merlin-logger.WARNING: Could not find the author for "Classic with no Sidebar" (post #122) [] []
[2022-08-22 14:28:30] merlin-logger.DEBUG: Post 122 was imported with author "augustme", but could not be found [] []
[2022-08-22 14:28:30] merlin-logger.DEBUG: Post 122 was marked for post-processing, but none was required. [] []
[2022-08-22 14:28:30] merlin-logger.DEBUG: Running post-processing for post 143 [] []
[2022-08-22 14:28:30] merlin-logger.WARNING: Could not find the author for "Fullwidth with no sidebar" (post #143) [] []
[2022-08-22 14:28:30] merlin-logger.DEBUG: Post 143 was imported with author "augustme", but could not be found [] []
[2022-08-22 14:28:30] merlin-logger.DEBUG: Post 143 was marked for post-processing, but none was required. [] []
[2022-08-22 14:28:30] merlin-logger.DEBUG: Running post-processing for post 155 [] []
[2022-08-22 14:28:30] merlin-logger.WARNING: Could not find the author for "Gallery Post Format" (post #155) [] []
[2022-08-22 14:28:30] merlin-logger.DEBUG: Post 155 was imported with author "augustme", but could not be found [] []
[2022-08-22 14:28:30] merlin-logger.DEBUG: Post 155 was marked for post-processing, but none was required. [] []
[2022-08-22 14:28:30] merlin-logger.DEBUG: Running post-processing for post 156 [] []
[2022-08-22 14:28:30] merlin-logger.WARNING: Could not find the author for "Post Formats" (post #156) [] []
[2022-08-22 14:28:30] merlin-logger.DEBUG: Post 156 was imported with author "augustme", but could not be found [] []
[2022-08-22 14:28:30] merlin-logger.DEBUG: Post 156 was marked for post-processing, but none was required. [] []
[2022-08-22 14:28:30] merlin-logger.DEBUG: Running post-processing for post 233 [] []
[2022-08-22 14:28:30] merlin-logger.WARNING: Could not find the author for "avatar-op2" (post #233) [] []
[2022-08-22 14:28:30] merlin-logger.DEBUG: Post 233 was imported with author "augustme", but could not be found [] []
[2022-08-22 14:28:30] merlin-logger.DEBUG: Post 233 was marked for post-processing, but none was required. [] []
[2022-08-22 14:28:30] merlin-logger.DEBUG: Running post-processing for post 241 [] []
[2022-08-22 14:28:30] merlin-logger.WARNING: Could not find the author for "Banner Grid" (post #241) [] []
[2022-08-22 14:28:30] merlin-logger.DEBUG: Post 241 was imported with author "augustme", but could not be found [] []
[2022-08-22 14:28:30] merlin-logger.DEBUG: Post 241 was marked for post-processing, but none was required. [] []
[2022-08-22 14:28:30] merlin-logger.DEBUG: Running post-processing for post 243 [] []
[2022-08-22 14:28:30] merlin-logger.WARNING: Could not find the author for "423994-PDRVB5-888-op" (post #243) [] []
[2022-08-22 14:28:30] merlin-logger.DEBUG: Post 243 was imported with author "augustme", but could not be found [] []
[2022-08-22 14:28:30] merlin-logger.DEBUG: Running post-processing for post 246 [] []
[2022-08-22 14:28:30] merlin-logger.WARNING: Could not find the author for "8048-op" (post #246) [] []
[2022-08-22 14:28:30] merlin-logger.DEBUG: Post 246 was imported with author "augustme", but could not be found [] []
[2022-08-22 14:28:30] merlin-logger.DEBUG: Running post-processing for post 256 [] []
[2022-08-22 14:28:30] merlin-logger.WARNING: Could not find the author for "Logo@2x" (post #256) [] []
[2022-08-22 14:28:30] merlin-logger.DEBUG: Post 256 was imported with author "augustme", but could not be found [] []
[2022-08-22 14:28:30] merlin-logger.DEBUG: Post 256 was marked for post-processing, but none was required. [] []
[2022-08-22 14:28:30] merlin-logger.DEBUG: Running post-processing for post 257 [] []
[2022-08-22 14:28:30] merlin-logger.WARNING: Could not find the author for "Privacy Policy" (post #257) [] []
[2022-08-22 14:28:30] merlin-logger.DEBUG: Post 257 was imported with author "augustme", but could not be found [] []
[2022-08-22 14:28:30] merlin-logger.DEBUG: Post 257 was marked for post-processing, but none was required. [] []
[2022-08-22 14:28:30] merlin-logger.DEBUG: Running post-processing for post 258 [] []
[2022-08-22 14:28:30] merlin-logger.WARNING: Could not find the author for "Features" (post #258) [] []
[2022-08-22 14:28:30] merlin-logger.DEBUG: Post 258 was imported with author "augustme", but could not be found [] []
[2022-08-22 14:28:30] merlin-logger.DEBUG: Post 258 was marked for post-processing, but none was required. [] []
[2022-08-22 14:28:30] merlin-logger.DEBUG: Running post-processing for post 157 [] []
[2022-08-22 14:28:30] merlin-logger.WARNING: Could not find the author for "Standard Post Format" (post #157) [] []
[2022-08-22 14:28:30] merlin-logger.DEBUG: Post 157 was imported with author "augustme", but could not be found [] []
[2022-08-22 14:28:30] merlin-logger.DEBUG: Post 157 was marked for post-processing, but none was required. [] []
[2022-08-22 14:28:30] merlin-logger.DEBUG: Running post-processing for post 163 [] []
[2022-08-22 14:28:30] merlin-logger.WARNING: Could not find the author for "Video Post Format" (post #163) [] []
[2022-08-22 14:28:30] merlin-logger.DEBUG: Post 163 was imported with author "augustme", but could not be found [] []
[2022-08-22 14:28:30] merlin-logger.DEBUG: Post 163 was marked for post-processing, but none was required. [] []
[2022-08-22 14:28:30] merlin-logger.DEBUG: Running post-processing for post 167 [] []
[2022-08-22 14:28:30] merlin-logger.WARNING: Could not find the author for "Audio Post Format" (post #167) [] []
[2022-08-22 14:28:30] merlin-logger.DEBUG: Post 167 was imported with author "augustme", but could not be found [] []
[2022-08-22 14:28:30] merlin-logger.DEBUG: Post 167 was marked for post-processing, but none was required. [] []
[2022-08-22 14:28:30] merlin-logger.DEBUG: Running post-processing for post 184 [] []
[2022-08-22 14:28:30] merlin-logger.WARNING: Could not find the author for "" (post #184) [] []
[2022-08-22 14:28:30] merlin-logger.DEBUG: Post 184 was imported with author "augustme", but could not be found [] []
[2022-08-22 14:28:30] merlin-logger.DEBUG: Post 184 was marked for post-processing, but none was required. [] []
[2022-08-22 14:28:30] merlin-logger.DEBUG: Running post-processing for post 185 [] []
[2022-08-22 14:28:30] merlin-logger.WARNING: Could not find the author for "" (post #185) [] []
[2022-08-22 14:28:30] merlin-logger.DEBUG: Post 185 was imported with author "augustme", but could not be found [] []
[2022-08-22 14:28:30] merlin-logger.DEBUG: Post 185 was marked for post-processing, but none was required. [] []
[2022-08-22 14:28:30] merlin-logger.DEBUG: Running post-processing for post 186 [] []
[2022-08-22 14:28:30] merlin-logger.WARNING: Could not find the author for "" (post #186) [] []
[2022-08-22 14:28:30] merlin-logger.DEBUG: Post 186 was imported with author "augustme", but could not be found [] []
[2022-08-22 14:28:30] merlin-logger.DEBUG: Post 186 was marked for post-processing, but none was required. [] []
[2022-08-22 14:28:30] merlin-logger.DEBUG: Running post-processing for post 187 [] []
[2022-08-22 14:28:30] merlin-logger.WARNING: Could not find the author for "" (post #187) [] []
[2022-08-22 14:28:30] merlin-logger.DEBUG: Post 187 was imported with author "augustme", but could not be found [] []
[2022-08-22 14:28:30] merlin-logger.DEBUG: Post 187 was marked for post-processing, but none was required. [] []
[2022-08-22 14:28:30] merlin-logger.DEBUG: Running post-processing for post 188 [] []
[2022-08-22 14:28:30] merlin-logger.WARNING: Could not find the author for "Features" (post #188) [] []
[2022-08-22 14:28:30] merlin-logger.DEBUG: Post 188 was imported with author "augustme", but could not be found [] []
[2022-08-22 14:28:30] merlin-logger.DEBUG: Post 188 was marked for post-processing, but none was required. [] []
[2022-08-22 14:28:30] merlin-logger.DEBUG: Running post-processing for post 189 [] []
[2022-08-22 14:28:30] merlin-logger.WARNING: Could not find the author for "404 Page" (post #189) [] []
[2022-08-22 14:28:30] merlin-logger.DEBUG: Post 189 was imported with author "augustme", but could not be found [] []
[2022-08-22 14:28:30] merlin-logger.DEBUG: Post 189 was marked for post-processing, but none was required. [] []
[2022-08-22 14:28:30] merlin-logger.DEBUG: Running post-processing for post 190 [] []
[2022-08-22 14:28:30] merlin-logger.WARNING: Could not find the author for "Classic Style" (post #190) [] []
[2022-08-22 14:28:30] merlin-logger.DEBUG: Post 190 was imported with author "augustme", but could not be found [] []
[2022-08-22 14:28:30] merlin-logger.DEBUG: Post 190 was marked for post-processing, but none was required. [] []
[2022-08-22 14:28:30] merlin-logger.DEBUG: Running post-processing for post 191 [] []
[2022-08-22 14:28:30] merlin-logger.WARNING: Could not find the author for "Header Styles" (post #191) [] []
[2022-08-22 14:28:30] merlin-logger.DEBUG: Post 191 was imported with author "augustme", but could not be found [] []
[2022-08-22 14:28:30] merlin-logger.DEBUG: Post 191 was marked for post-processing, but none was required. [] []
[2022-08-22 14:28:30] merlin-logger.DEBUG: Running post-processing for post 192 [] []
[2022-08-22 14:28:30] merlin-logger.WARNING: Could not find the author for "Notice on Top" (post #192) [] []
[2022-08-22 14:28:30] merlin-logger.DEBUG: Post 192 was imported with author "augustme", but could not be found [] []
[2022-08-22 14:28:30] merlin-logger.DEBUG: Post 192 was marked for post-processing, but none was required. [] []
[2022-08-22 14:28:30] merlin-logger.DEBUG: Running post-processing for post 193 [] []
[2022-08-22 14:28:30] merlin-logger.WARNING: Could not find the author for "Advertising Area" (post #193) [] []
[2022-08-22 14:28:30] merlin-logger.DEBUG: Post 193 was imported with author "augustme", but could not be found [] []
[2022-08-22 14:28:30] merlin-logger.DEBUG: Post 193 was marked for post-processing, but none was required. [] []
[2022-08-22 14:28:30] merlin-logger.DEBUG: Running post-processing for post 194 [] []
[2022-08-22 14:28:30] merlin-logger.WARNING: Could not find the author for "Minimalist Style" (post #194) [] []
[2022-08-22 14:28:30] merlin-logger.DEBUG: Post 194 was imported with author "augustme", but could not be found [] []
[2022-08-22 14:28:30] merlin-logger.DEBUG: Post 194 was marked for post-processing, but none was required. [] []
[2022-08-22 14:28:30] merlin-logger.DEBUG: Running post-processing for post 195 [] []
[2022-08-22 14:28:30] merlin-logger.WARNING: Could not find the author for "Advertise between posts" (post #195) [] []
[2022-08-22 14:28:30] merlin-logger.DEBUG: Post 195 was imported with author "augustme", but could not be found [] []
[2022-08-22 14:28:30] merlin-logger.DEBUG: Post 195 was marked for post-processing, but none was required. [] []
[2022-08-22 14:28:30] merlin-logger.DEBUG: Running post-processing for post 201 [] []
[2022-08-22 14:28:30] merlin-logger.WARNING: Could not find the author for "" (post #201) [] []
[2022-08-22 14:28:30] merlin-logger.DEBUG: Post 201 was imported with author "augustme", but could not be found [] []
[2022-08-22 14:28:30] merlin-logger.DEBUG: Post 201 was marked for post-processing, but none was required. [] []
[2022-08-22 14:28:30] merlin-logger.DEBUG: Running post-processing for post 207 [] []
[2022-08-22 14:28:30] merlin-logger.WARNING: Could not find the author for "" (post #207) [] []
[2022-08-22 14:28:30] merlin-logger.DEBUG: Post 207 was imported with author "augustme", but could not be found [] []
[2022-08-22 14:28:30] merlin-logger.DEBUG: Post 207 was marked for post-processing, but none was required. [] []
[2022-08-22 14:28:30] merlin-logger.DEBUG: Running post-processing for post 216 [] []
[2022-08-22 14:28:30] merlin-logger.WARNING: Could not find the author for "#Tag" (post #216) [] []
[2022-08-22 14:28:30] merlin-logger.DEBUG: Post 216 was imported with author "augustme", but could not be found [] []
[2022-08-22 14:28:30] merlin-logger.DEBUG: Post 216 was marked for post-processing, but none was required. [] []
[2022-08-22 14:28:30] merlin-logger.DEBUG: Running post-processing for post 37 [] []
[2022-08-22 14:28:30] merlin-logger.WARNING: Could not find the author for "On Icy Pluto, Volcanoes May Spout Liquid Water" (post #37) [] []
[2022-08-22 14:28:30] merlin-logger.DEBUG: Post 37 was imported with author "augustme", but could not be found [] []
[2022-08-22 14:28:30] merlin-logger.DEBUG: Post 37 was marked for post-processing, but none was required. [] []
[2022-08-22 14:28:30] merlin-logger.DEBUG: Running post-processing for post 40 [] []
[2022-08-22 14:28:30] merlin-logger.WARNING: Could not find the author for "Home Classic Posts" (post #40) [] []
[2022-08-22 14:28:30] merlin-logger.DEBUG: Post 40 was imported with author "augustme", but could not be found [] []
[2022-08-22 14:28:30] merlin-logger.DEBUG: Post 40 was marked for post-processing, but none was required. [] []
[2022-08-22 14:28:30] merlin-logger.DEBUG: Running post-processing for post 43 [] []
[2022-08-22 14:28:30] merlin-logger.WARNING: Could not find the author for "Home Grid with Sidebar" (post #43) [] []
[2022-08-22 14:28:30] merlin-logger.DEBUG: Post 43 was imported with author "augustme", but could not be found [] []
[2022-08-22 14:28:30] merlin-logger.DEBUG: Post 43 was marked for post-processing, but none was required. [] []
[2022-08-22 14:28:30] merlin-logger.DEBUG: Running post-processing for post 46 [] []
[2022-08-22 14:28:30] merlin-logger.WARNING: Could not find the author for "Home 4 columns" (post #46) [] []
[2022-08-22 14:28:30] merlin-logger.DEBUG: Post 46 was imported with author "augustme", but could not be found [] []
[2022-08-22 14:28:30] merlin-logger.DEBUG: Post 46 was marked for post-processing, but none was required. [] []
[2022-08-22 14:28:30] merlin-logger.DEBUG: Running post-processing for post 49 [] []
[2022-08-22 14:28:30] merlin-logger.WARNING: Could not find the author for "Home Carousel" (post #49) [] []
[2022-08-22 14:28:30] merlin-logger.DEBUG: Post 49 was imported with author "augustme", but could not be found [] []
[2022-08-22 14:28:30] merlin-logger.DEBUG: Post 49 was marked for post-processing, but none was required. [] []
[2022-08-22 14:28:30] merlin-logger.DEBUG: Running post-processing for post 55 [] []
[2022-08-22 14:28:30] merlin-logger.WARNING: Could not find the author for "Scientists found water on Mars surface" (post #55) [] []
[2022-08-22 14:28:30] merlin-logger.DEBUG: Post 55 was imported with author "augustme", but could not be found [] []
[2022-08-22 14:28:30] merlin-logger.DEBUG: Post 55 was marked for post-processing, but none was required. [] []
[2022-08-22 14:28:30] merlin-logger.DEBUG: Running post-processing for post 66 [] []
[2022-08-22 14:28:30] merlin-logger.WARNING: Could not find the author for "Contact" (post #66) [] []
[2022-08-22 14:28:30] merlin-logger.DEBUG: Post 66 was imported with author "augustme", but could not be found [] []
[2022-08-22 14:28:30] merlin-logger.DEBUG: Post 66 was marked for post-processing, but none was required. [] []
[2022-08-22 14:28:30] merlin-logger.DEBUG: Running post-processing for post 71 [] []
[2022-08-22 14:28:30] merlin-logger.WARNING: Could not find the author for "What moon craters can tell us about Earth" (post #71) [] []
[2022-08-22 14:28:30] merlin-logger.DEBUG: Post 71 was imported with author "augustme", but could not be found [] []
[2022-08-22 14:28:30] merlin-logger.DEBUG: Running post-processing for post 90 [] []
[2022-08-22 14:28:30] merlin-logger.WARNING: Could not find the author for "Milky Way Galaxy" (post #90) [] []
[2022-08-22 14:28:30] merlin-logger.DEBUG: Post 90 was imported with author "augustme", but could not be found [] []
[2022-08-22 14:28:30] merlin-logger.DEBUG: Post 90 was marked for post-processing, but none was required. [] []
[2022-08-22 14:28:30] merlin-logger.DEBUG: Running post-processing for post 113 [] []
[2022-08-22 14:28:30] merlin-logger.WARNING: Could not find the author for "How we choose to use the Moon" (post #113) [] []
[2022-08-22 14:28:30] merlin-logger.DEBUG: Post 113 was imported with author "augustme", but could not be found [] []
[2022-08-22 14:28:30] merlin-logger.DEBUG: Post 113 was marked for post-processing, but none was required. [] []
[2022-08-22 14:28:30] merlin-logger.DEBUG: Running post-processing for post 140 [] []
[2022-08-22 14:28:30] merlin-logger.WARNING: Could not find the author for "Bringing samples back is a considerable challenge" (post #140) [] []
[2022-08-22 14:28:30] merlin-logger.DEBUG: Post 140 was imported with author "augustme", but could not be found [] []
[2022-08-22 14:28:30] merlin-logger.DEBUG: Post 140 was marked for post-processing, but none was required. [] []
[2022-08-22 14:28:30] merlin-logger.DEBUG: Running post-processing for post 147 [] []
[2022-08-22 14:28:30] merlin-logger.WARNING: Could not find the author for "What Are Skyrmions?" (post #147) [] []
[2022-08-22 14:28:30] merlin-logger.DEBUG: Post 147 was imported with author "augustme", but could not be found [] []
[2022-08-22 14:28:30] merlin-logger.DEBUG: Post 147 was marked for post-processing, but none was required. [] []
[2022-08-22 14:28:30] merlin-logger.DEBUG: Running post-processing for post 164 [] []
[2022-08-22 14:28:30] merlin-logger.WARNING: Could not find the author for "The Apollo 11 Mission" (post #164) [] []
[2022-08-22 14:28:30] merlin-logger.DEBUG: Post 164 was imported with author "augustme", but could not be found [] []
[2022-08-22 14:28:30] merlin-logger.DEBUG: Post 164 was marked for post-processing, but none was required. [] []
[2022-08-22 14:28:30] merlin-logger.DEBUG: Running post-processing for post 171 [] []
[2022-08-22 14:28:30] merlin-logger.WARNING: Could not find the author for "Buttons" (post #171) [] []
[2022-08-22 14:28:30] merlin-logger.DEBUG: Post 171 was imported with author "augustme", but could not be found [] []
[2022-08-22 14:28:30] merlin-logger.DEBUG: Post 171 was marked for post-processing, but none was required. [] []
[2022-08-22 14:28:30] merlin-logger.DEBUG: Running post-processing for post 173 [] []
[2022-08-22 14:28:30] merlin-logger.WARNING: Could not find the author for "Columns" (post #173) [] []
[2022-08-22 14:28:30] merlin-logger.DEBUG: Post 173 was imported with author "augustme", but could not be found [] []
[2022-08-22 14:28:30] merlin-logger.DEBUG: Post 173 was marked for post-processing, but none was required. [] []
[2022-08-22 14:28:30] merlin-logger.DEBUG: Running post-processing for post 176 [] []
[2022-08-22 14:28:30] merlin-logger.WARNING: Could not find the author for "Alert Messages" (post #176) [] []
[2022-08-22 14:28:30] merlin-logger.DEBUG: Post 176 was imported with author "augustme", but could not be found [] []
[2022-08-22 14:28:30] merlin-logger.DEBUG: Post 176 was marked for post-processing, but none was required. [] []
[2022-08-22 14:28:30] merlin-logger.DEBUG: Running post-processing for post 181 [] []
[2022-08-22 14:28:30] merlin-logger.WARNING: Could not find the author for "Accordions and Tabs" (post #181) [] []
[2022-08-22 14:28:30] merlin-logger.DEBUG: Post 181 was imported with author "augustme", but could not be found [] []
[2022-08-22 14:28:30] merlin-logger.DEBUG: Post 181 was marked for post-processing, but none was required. [] []
[2022-08-22 14:28:30] merlin-logger.DEBUG: Running post-processing for post 196 [] []
[2022-08-22 14:28:30] merlin-logger.WARNING: Could not find the author for "Home Advertising Area" (post #196) [] []
[2022-08-22 14:28:30] merlin-logger.DEBUG: Post 196 was imported with author "augustme", but could not be found [] []
[2022-08-22 14:28:30] merlin-logger.DEBUG: Post 196 was marked for post-processing, but none was required. [] []
[2022-08-22 14:28:30] merlin-logger.DEBUG: Running post-processing for post 204 [] []
[2022-08-22 14:28:30] merlin-logger.WARNING: Could not find the author for "Home Masonry" (post #204) [] []
[2022-08-22 14:28:30] merlin-logger.DEBUG: Post 204 was imported with author "augustme", but could not be found [] []
[2022-08-22 14:28:30] merlin-logger.DEBUG: Post 204 was marked for post-processing, but none was required. [] []
[2022-08-22 14:28:30] merlin-logger.DEBUG: Running post-processing for post 217 [] []
[2022-08-22 14:28:30] merlin-logger.WARNING: Could not find the author for "Home Grid Style" (post #217) [] []
[2022-08-22 14:28:30] merlin-logger.DEBUG: Post 217 was imported with author "augustme", but could not be found [] []
[2022-08-22 14:28:30] merlin-logger.DEBUG: Post 217 was marked for post-processing, but none was required. [] []
[2022-08-22 14:28:30] merlin-logger.DEBUG: Running post-processing for post 8 [] []
[2022-08-22 14:28:30] merlin-logger.WARNING: Could not find the author for "Mars is the fourth planet from the Sun" (post #8) [] []
[2022-08-22 14:28:30] merlin-logger.DEBUG: Post 8 was imported with author "augustme", but could not be found [] []
[2022-08-22 14:28:30] merlin-logger.DEBUG: Post 8 was marked for post-processing, but none was required. [] []
[2022-08-22 14:28:30] merlin-logger.DEBUG: Running post-processing for post 15 [] []
[2022-08-22 14:28:30] merlin-logger.WARNING: Could not find the author for "The spectacle before us was indeed sublime" (post #15) [] []
[2022-08-22 14:28:30] merlin-logger.DEBUG: Post 15 was imported with author "augustme", but could not be found [] []
[2022-08-22 14:28:30] merlin-logger.DEBUG: Post 15 was marked for post-processing, but none was required. [] []
[2022-08-22 14:28:30] merlin-logger.DEBUG: Running post-processing for post 19 [] []
[2022-08-22 14:28:30] merlin-logger.WARNING: Could not find the author for "Contact form 1" (post #19) [] []
[2022-08-22 14:28:30] merlin-logger.DEBUG: Post 19 was imported with author "augustme", but could not be found [] []
[2022-08-22 14:28:30] merlin-logger.DEBUG: Post 19 was marked for post-processing, but none was required. [] []
[2022-08-22 14:28:30] merlin-logger.DEBUG: Running post-processing for post 21 [] []
[2022-08-22 14:28:30] merlin-logger.WARNING: Could not find the author for "A meteor shower was observed during last night" (post #21) [] []
[2022-08-22 14:28:30] merlin-logger.DEBUG: Post 21 was imported with author "augustme", but could not be found [] []
[2022-08-22 14:28:30] merlin-logger.DEBUG: Post 21 was marked for post-processing, but none was required. [] []
[2022-08-22 14:28:30] merlin-logger.WARNING: Could not find the author for comment #2 [] []
[2022-08-22 14:28:30] merlin-logger.DEBUG: Comment 2 was imported with author 1, but could not be found [] []
[2022-08-22 14:28:30] merlin-logger.WARNING: Could not find the author for comment #3 [] []
[2022-08-22 14:28:30] merlin-logger.DEBUG: Comment 3 was imported with author 1, but could not be found [] []
[2022-08-22 14:28:30] merlin-logger.WARNING: Could not find the author for comment #4 [] []
[2022-08-22 14:28:30] merlin-logger.DEBUG: Comment 4 was imported with author 1, but could not be found [] []
[2022-08-22 14:28:30] merlin-logger.INFO: Starting remapping of featured images [] []
[2022-08-22 14:28:32] merlin-logger.INFO: The content import AJAX call will be executed with this import data {"title":"Widgets","data":"C:\\laragon\\www\\wordpress/wp-content/themes/breek/functions/import/widgets.wie"} []
[2022-08-22 14:28:32] merlin-logger.DEBUG: Article Sidebar :   (EP) Related Articles - Related Articles - Imported Tag Cloud - Tag Cloud - Imported Categories - Categories - Imported (EP) Fluid Ads - Advertising - Imported  Home Sidebar :   (EP) Recent Posts with image - Popular Posts - Imported (EP) Recent Tweets - Recent Tweets - Imported Categories - Categories - Imported (EP) Fluid Ads - Advertising - Imported  Footer :   (EP) Recent Posts with image - Recent posts - Imported Tag Cloud - Tag Cloud - Imported (EP) About me - About me - Imported   [] []
[2022-08-22 14:28:33] merlin-logger.INFO: The content import AJAX call will be executed with this import data {"title":"Theme Options","data":[{"file_path":"C:\\laragon\\www\\wordpress/wp-content/themes/breek/functions/import/csf-options.json","option_name":"epcl_theme"}]} []
[2022-08-22 14:28:33] merlin-logger.DEBUG: The CSF Framework data was imported {"file_path":"C:\\laragon\\www\\wordpress/wp-content/themes/breek/functions/import/csf-options.json","option_name":"epcl_theme"} []
[2022-08-22 14:28:35] merlin-logger.INFO: The content import AJAX call will be executed with this import data {"title":"After import setup","data":0} []
[2022-08-22 14:28:39] merlin-logger.DEBUG: The final step has been displayed [] []
